nohup: ignoring input
INFO:     Will watch for changes in these directories: ['/home/benjaminjones/fullyautobob8.1']
INFO:     Uvicorn running on http://0.0.0.0:8080 (Press CTRL+C to quit)
INFO:     Started reloader process [444480] using StatReload
INFO:     Started server process [444483]
INFO:     Waiting for application startup.
INFO:     Application startup complete.
INFO:     127.0.0.1:51910 - "GET / HTTP/1.1" 200 OK
INFO:     127.0.0.1:44288 - "GET /api/overview HTTP/1.1" 200 OK
INFO:     127.0.0.1:33406 - "GET /?vscodeBrowserReqId=1754635338969 HTTP/1.1" 200 OK
WARNING:  StatReload detected changes in 'web_dashboard.py'. Reloading...
INFO:     Shutting down
INFO:     Waiting for application shutdown.
INFO:     Application shutdown complete.
INFO:     Finished server process [444483]
INFO:     Started server process [444761]
INFO:     Waiting for application startup.
INFO:     Application startup complete.
INFO:     Shutting down
INFO:     Waiting for application shutdown.
INFO:     Application shutdown complete.
INFO:     Finished server process [444761]
INFO:     Stopping reloader process [444480]
